Summary of SPARK analysis
=========================

-------------------------------------------------------------------------------------------
SPARK Analysis results        Total      Flow   CodePeer     Provers   Justified   Unproved
-------------------------------------------------------------------------------------------
Data Dependencies                 .         .          .           .           .          .
Flow Dependencies                 .         .          .           .           .          .
Initialization                    .         .          .           .           .          .
Non-Aliasing                      .         .          .           .           .          .
Run-time Checks                   1         .          .           .           .          1
Assertions                        .         .          .           .           .          .
Functional Contracts              2         .          .    2 (CVC4)           .          .
LSP Verification                  .         .          .           .           .          .
Termination                       .         .          .           .           .          .
Concurrency                       .         .          .           .           .          .
-------------------------------------------------------------------------------------------
Total                             3         .          .     2 (67%)           .    1 (33%)


max steps used for successful proof: 1

Analyzed 2 units
in unit flipdecrement, 3 subprograms and packages out of 3 analyzed
  flipDecrement at flipdecrement.ads:1 flow analyzed (0 errors, 0 checks and 0 warnings) and proved (0 checks)
  flipDecrement.flip at flipdecrement.ads:5 flow analyzed (0 errors, 0 checks and 0 warnings) and proved (1 checks)
  flipDecrement.increment at flipdecrement.ads:10 flow analyzed (0 errors, 0 checks and 0 warnings) and not proved, 1 checks out of 2 proved
in unit main, 0 subprograms and packages out of 1 analyzed
  Main at main.adb:4 skipped
